mode: set
github.com/SawitProRecruitment/UserService/generated/api.gen.go:95.69,101.2 3 0
github.com/SawitProRecruitment/UserService/generated/api.gen.go:104.79,110.16 4 0
github.com/SawitProRecruitment/UserService/generated/api.gen.go:110.16,112.3 1 0
github.com/SawitProRecruitment/UserService/generated/api.gen.go:115.2,119.16 3 0
github.com/SawitProRecruitment/UserService/generated/api.gen.go:119.16,121.3 1 0
github.com/SawitProRecruitment/UserService/generated/api.gen.go:124.2,125.12 2 0
github.com/SawitProRecruitment/UserService/generated/api.gen.go:129.75,135.16 4 0
github.com/SawitProRecruitment/UserService/generated/api.gen.go:135.16,137.3 1 0
github.com/SawitProRecruitment/UserService/generated/api.gen.go:140.2,141.12 2 0
github.com/SawitProRecruitment/UserService/generated/api.gen.go:145.75,151.16 4 0
github.com/SawitProRecruitment/UserService/generated/api.gen.go:151.16,153.3 1 0
github.com/SawitProRecruitment/UserService/generated/api.gen.go:156.2,157.12 2 0
github.com/SawitProRecruitment/UserService/generated/api.gen.go:176.62,178.2 1 0
github.com/SawitProRecruitment/UserService/generated/api.gen.go:182.89,193.2 5 0
github.com/SawitProRecruitment/UserService/generated/api.gen.go:216.35,218.16 2 0
github.com/SawitProRecruitment/UserService/generated/api.gen.go:218.16,220.3 1 0
github.com/SawitProRecruitment/UserService/generated/api.gen.go:221.2,222.16 2 0
github.com/SawitProRecruitment/UserService/generated/api.gen.go:222.16,224.3 1 0
github.com/SawitProRecruitment/UserService/generated/api.gen.go:225.2,227.16 3 0
github.com/SawitProRecruitment/UserService/generated/api.gen.go:227.16,229.3 1 0
github.com/SawitProRecruitment/UserService/generated/api.gen.go:231.2,231.25 1 0
github.com/SawitProRecruitment/UserService/generated/api.gen.go:237.48,239.32 2 0
github.com/SawitProRecruitment/UserService/generated/api.gen.go:239.32,241.3 1 0
github.com/SawitProRecruitment/UserService/generated/api.gen.go:245.73,247.25 2 0
github.com/SawitProRecruitment/UserService/generated/api.gen.go:247.25,249.3 1 0
github.com/SawitProRecruitment/UserService/generated/api.gen.go:251.2,251.12 1 0
github.com/SawitProRecruitment/UserService/generated/api.gen.go:259.52,264.87 4 0
github.com/SawitProRecruitment/UserService/generated/api.gen.go:264.87,268.10 4 0
github.com/SawitProRecruitment/UserService/generated/api.gen.go:268.10,271.4 2 0
github.com/SawitProRecruitment/UserService/generated/api.gen.go:272.3,272.19 1 0
github.com/SawitProRecruitment/UserService/generated/api.gen.go:274.2,276.16 3 0
github.com/SawitProRecruitment/UserService/generated/api.gen.go:276.16,278.3 1 0
github.com/SawitProRecruitment/UserService/generated/api.gen.go:279.2,280.16 2 0
github.com/SawitProRecruitment/UserService/generated/api.gen.go:280.16,282.3 1 0
github.com/SawitProRecruitment/UserService/generated/api.gen.go:283.2,283.8 1 0
github.com/SawitProRecruitment/UserService/cmd/main.go:15.13,23.2 5 0
github.com/SawitProRecruitment/UserService/cmd/main.go:25.34,33.2 4 0
github.com/SawitProRecruitment/UserService/repository/implementations.go:7.94,10.2 2 1
github.com/SawitProRecruitment/UserService/repository/implementations.go:12.95,22.2 2 0
github.com/SawitProRecruitment/UserService/repository/implementations.go:24.88,27.2 2 1
github.com/SawitProRecruitment/UserService/repository/implementations.go:29.94,46.2 2 1
github.com/SawitProRecruitment/UserService/repository/implementations.go:48.85,58.16 3 1
github.com/SawitProRecruitment/UserService/repository/implementations.go:58.16,60.3 1 1
github.com/SawitProRecruitment/UserService/repository/implementations.go:62.2,63.18 2 1
github.com/SawitProRecruitment/UserService/repository/implementations.go:63.18,72.17 3 1
github.com/SawitProRecruitment/UserService/repository/implementations.go:72.17,74.4 1 1
github.com/SawitProRecruitment/UserService/repository/implementations.go:75.3,75.30 1 1
github.com/SawitProRecruitment/UserService/repository/implementations.go:78.2,78.19 1 1
github.com/SawitProRecruitment/UserService/repository/interfaces.mock.gen.go:26.83,30.2 3 0
github.com/SawitProRecruitment/UserService/repository/interfaces.mock.gen.go:33.81,35.2 1 0
github.com/SawitProRecruitment/UserService/repository/interfaces.mock.gen.go:38.100,44.2 5 0
github.com/SawitProRecruitment/UserService/repository/interfaces.mock.gen.go:47.99,50.2 2 0
github.com/SawitProRecruitment/UserService/repository/interfaces.mock.gen.go:53.94,59.2 5 0
github.com/SawitProRecruitment/UserService/repository/interfaces.mock.gen.go:62.95,65.2 2 0
github.com/SawitProRecruitment/UserService/repository/interfaces.mock.gen.go:68.97,74.2 5 0
github.com/SawitProRecruitment/UserService/repository/interfaces.mock.gen.go:77.96,80.2 2 0
github.com/SawitProRecruitment/UserService/repository/interfaces.mock.gen.go:83.97,89.2 5 0
github.com/SawitProRecruitment/UserService/repository/interfaces.mock.gen.go:92.97,95.2 2 0
github.com/SawitProRecruitment/UserService/repository/interfaces.mock.gen.go:98.98,104.2 5 0
github.com/SawitProRecruitment/UserService/repository/interfaces.mock.gen.go:107.97,110.2 2 0
github.com/SawitProRecruitment/UserService/repository/interfaces.mock.gen.go:113.119,119.2 5 0
github.com/SawitProRecruitment/UserService/repository/interfaces.mock.gen.go:122.97,125.2 2 0
github.com/SawitProRecruitment/UserService/repository/repository.go:18.59,20.16 2 0
github.com/SawitProRecruitment/UserService/repository/repository.go:20.16,21.13 1 0
github.com/SawitProRecruitment/UserService/repository/repository.go:23.2,25.3 1 0
github.com/SawitProRecruitment/UserService/helper/helper.go:26.63,27.26 1 1
github.com/SawitProRecruitment/UserService/helper/helper.go:27.26,28.33 1 1
github.com/SawitProRecruitment/UserService/helper/helper.go:28.33,30.4 1 1
github.com/SawitProRecruitment/UserService/helper/helper.go:33.2,33.26 1 1
github.com/SawitProRecruitment/UserService/helper/helper.go:36.45,42.48 4 1
github.com/SawitProRecruitment/UserService/helper/helper.go:42.48,43.50 1 1
github.com/SawitProRecruitment/UserService/helper/helper.go:43.50,46.4 2 1
github.com/SawitProRecruitment/UserService/helper/helper.go:46.9,48.4 1 1
github.com/SawitProRecruitment/UserService/helper/helper.go:51.2,51.47 1 1
github.com/SawitProRecruitment/UserService/helper/helper.go:51.47,53.3 1 1
github.com/SawitProRecruitment/UserService/helper/helper.go:57.42,60.51 3 1
github.com/SawitProRecruitment/UserService/helper/helper.go:60.51,61.19 1 1
github.com/SawitProRecruitment/UserService/helper/helper.go:61.19,62.57 1 1
github.com/SawitProRecruitment/UserService/helper/helper.go:62.57,64.5 1 1
github.com/SawitProRecruitment/UserService/helper/helper.go:65.9,66.57 1 1
github.com/SawitProRecruitment/UserService/helper/helper.go:66.57,68.5 1 1
github.com/SawitProRecruitment/UserService/helper/helper.go:71.2,71.17 1 1
github.com/SawitProRecruitment/UserService/generated/api.gen.go:95.69,101.2 3 0
github.com/SawitProRecruitment/UserService/generated/api.gen.go:104.79,110.16 4 0
github.com/SawitProRecruitment/UserService/generated/api.gen.go:110.16,112.3 1 0
github.com/SawitProRecruitment/UserService/generated/api.gen.go:115.2,119.16 3 0
github.com/SawitProRecruitment/UserService/generated/api.gen.go:119.16,121.3 1 0
github.com/SawitProRecruitment/UserService/generated/api.gen.go:124.2,125.12 2 0
github.com/SawitProRecruitment/UserService/generated/api.gen.go:129.75,135.16 4 0
github.com/SawitProRecruitment/UserService/generated/api.gen.go:135.16,137.3 1 0
github.com/SawitProRecruitment/UserService/generated/api.gen.go:140.2,141.12 2 0
github.com/SawitProRecruitment/UserService/generated/api.gen.go:145.75,151.16 4 0
github.com/SawitProRecruitment/UserService/generated/api.gen.go:151.16,153.3 1 0
github.com/SawitProRecruitment/UserService/generated/api.gen.go:156.2,157.12 2 0
github.com/SawitProRecruitment/UserService/generated/api.gen.go:176.62,178.2 1 0
github.com/SawitProRecruitment/UserService/generated/api.gen.go:182.89,193.2 5 0
github.com/SawitProRecruitment/UserService/generated/api.gen.go:216.35,218.16 2 1
github.com/SawitProRecruitment/UserService/generated/api.gen.go:218.16,220.3 1 0
github.com/SawitProRecruitment/UserService/generated/api.gen.go:221.2,222.16 2 1
github.com/SawitProRecruitment/UserService/generated/api.gen.go:222.16,224.3 1 0
github.com/SawitProRecruitment/UserService/generated/api.gen.go:225.2,227.16 3 1
github.com/SawitProRecruitment/UserService/generated/api.gen.go:227.16,229.3 1 0
github.com/SawitProRecruitment/UserService/generated/api.gen.go:231.2,231.25 1 1
github.com/SawitProRecruitment/UserService/generated/api.gen.go:237.48,239.32 2 1
github.com/SawitProRecruitment/UserService/generated/api.gen.go:239.32,241.3 1 0
github.com/SawitProRecruitment/UserService/generated/api.gen.go:245.73,247.25 2 0
github.com/SawitProRecruitment/UserService/generated/api.gen.go:247.25,249.3 1 0
github.com/SawitProRecruitment/UserService/generated/api.gen.go:251.2,251.12 1 0
github.com/SawitProRecruitment/UserService/generated/api.gen.go:259.52,264.87 4 0
github.com/SawitProRecruitment/UserService/generated/api.gen.go:264.87,268.10 4 0
github.com/SawitProRecruitment/UserService/generated/api.gen.go:268.10,271.4 2 0
github.com/SawitProRecruitment/UserService/generated/api.gen.go:272.3,272.19 1 0
github.com/SawitProRecruitment/UserService/generated/api.gen.go:274.2,276.16 3 0
github.com/SawitProRecruitment/UserService/generated/api.gen.go:276.16,278.3 1 0
github.com/SawitProRecruitment/UserService/generated/api.gen.go:279.2,280.16 2 0
github.com/SawitProRecruitment/UserService/generated/api.gen.go:280.16,282.3 1 0
github.com/SawitProRecruitment/UserService/generated/api.gen.go:283.2,283.8 1 0
github.com/SawitProRecruitment/UserService/handler/endpoints.go:25.53,28.76 2 1
github.com/SawitProRecruitment/UserService/handler/endpoints.go:28.76,30.3 1 1
github.com/SawitProRecruitment/UserService/handler/endpoints.go:32.2,33.16 2 1
github.com/SawitProRecruitment/UserService/handler/endpoints.go:33.16,35.3 1 1
github.com/SawitProRecruitment/UserService/handler/endpoints.go:37.2,37.71 1 1
github.com/SawitProRecruitment/UserService/handler/endpoints.go:42.119,45.16 2 1
github.com/SawitProRecruitment/UserService/handler/endpoints.go:45.16,46.14 1 1
github.com/SawitProRecruitment/UserService/handler/endpoints.go:47.22,48.94 1 1
github.com/SawitProRecruitment/UserService/handler/endpoints.go:49.11,50.98 1 1
github.com/SawitProRecruitment/UserService/handler/endpoints.go:54.2,55.50 2 1
github.com/SawitProRecruitment/UserService/handler/endpoints.go:55.50,57.3 1 1
github.com/SawitProRecruitment/UserService/handler/endpoints.go:59.2,62.58 4 1
github.com/SawitProRecruitment/UserService/handler/endpoints.go:62.58,73.3 4 0
github.com/SawitProRecruitment/UserService/handler/endpoints.go:75.2,75.21 1 1
github.com/SawitProRecruitment/UserService/handler/endpoints.go:75.21,77.3 1 1
github.com/SawitProRecruitment/UserService/handler/endpoints.go:79.2,88.20 4 0
github.com/SawitProRecruitment/UserService/handler/endpoints.go:88.20,91.3 2 0
github.com/SawitProRecruitment/UserService/handler/endpoints.go:93.2,93.38 1 0
github.com/SawitProRecruitment/UserService/handler/endpoints.go:98.70,100.16 2 1
github.com/SawitProRecruitment/UserService/handler/endpoints.go:100.16,102.3 1 1
github.com/SawitProRecruitment/UserService/handler/endpoints.go:104.2,105.16 2 1
github.com/SawitProRecruitment/UserService/handler/endpoints.go:105.16,106.14 1 1
github.com/SawitProRecruitment/UserService/handler/endpoints.go:107.22,108.94 1 1
github.com/SawitProRecruitment/UserService/handler/endpoints.go:109.11,110.98 1 0
github.com/SawitProRecruitment/UserService/handler/endpoints.go:114.2,115.16 2 1
github.com/SawitProRecruitment/UserService/handler/endpoints.go:115.16,117.3 1 1
github.com/SawitProRecruitment/UserService/handler/endpoints.go:119.2,124.4 1 1
github.com/SawitProRecruitment/UserService/handler/endpoints.go:129.70,131.16 2 1
github.com/SawitProRecruitment/UserService/handler/endpoints.go:131.16,133.3 1 1
github.com/SawitProRecruitment/UserService/handler/endpoints.go:135.2,137.105 2 1
github.com/SawitProRecruitment/UserService/handler/endpoints.go:137.105,139.3 1 1
github.com/SawitProRecruitment/UserService/handler/endpoints.go:141.2,142.16 2 1
github.com/SawitProRecruitment/UserService/handler/endpoints.go:142.16,143.14 1 1
github.com/SawitProRecruitment/UserService/handler/endpoints.go:144.22,145.94 1 1
github.com/SawitProRecruitment/UserService/handler/endpoints.go:146.11,147.98 1 0
github.com/SawitProRecruitment/UserService/handler/endpoints.go:151.2,151.51 1 1
github.com/SawitProRecruitment/UserService/handler/endpoints.go:151.51,153.3 1 0
github.com/SawitProRecruitment/UserService/handler/endpoints.go:155.2,161.16 2 1
github.com/SawitProRecruitment/UserService/handler/endpoints.go:161.16,162.100 1 1
github.com/SawitProRecruitment/UserService/handler/endpoints.go:162.100,164.4 1 1
github.com/SawitProRecruitment/UserService/handler/endpoints.go:165.3,165.97 1 0
github.com/SawitProRecruitment/UserService/handler/endpoints.go:168.2,168.60 1 1
github.com/SawitProRecruitment/UserService/handler/server.go:9.58,11.2 1 0
